2020-05-13 16:51:51,088 INFO o.a.j.u.JMeterUtils: Setting Locale to en_EN
2020-05-13 16:51:51,248 INFO o.a.j.JMeter: Loading user properties from: /Applications/apache-jmeter-5.0/bin/user.properties
2020-05-13 16:51:51,250 INFO o.a.j.JMeter: Loading system properties from: /Applications/apache-jmeter-5.0/bin/system.properties
2020-05-13 16:51:51,255 INFO o.a.j.JMeter: Copyright (c) 1998-2018 The Apache Software Foundation
2020-05-13 16:51:51,255 INFO o.a.j.JMeter: Version 5.0 r1840935
2020-05-13 16:51:51,255 INFO o.a.j.JMeter: java.version=14
2020-05-13 16:51:51,255 INFO o.a.j.JMeter: java.vm.name=OpenJDK 64-Bit Server VM
2020-05-13 16:51:51,255 INFO o.a.j.JMeter: os.name=Mac OS X
2020-05-13 16:51:51,255 INFO o.a.j.JMeter: os.arch=x86_64
2020-05-13 16:51:51,256 INFO o.a.j.JMeter: os.version=10.14.6
2020-05-13 16:51:51,256 INFO o.a.j.JMeter: file.encoding=UTF-8
2020-05-13 16:51:51,256 INFO o.a.j.JMeter: Max memory     =1073741824
2020-05-13 16:51:51,256 INFO o.a.j.JMeter: Available Processors =8
2020-05-13 16:51:51,266 INFO o.a.j.JMeter: Default Locale=English (EN)
2020-05-13 16:51:51,266 INFO o.a.j.JMeter: JMeter  Locale=English (EN)
2020-05-13 16:51:51,266 INFO o.a.j.JMeter: JMeterHome=/Applications/apache-jmeter-5.0
2020-05-13 16:51:51,267 INFO o.a.j.JMeter: user.dir  =/Users/ankitsharma/Google Drive/Career/repos/EPIJudge/EPIJudge/epi_judge_java
2020-05-13 16:51:51,267 INFO o.a.j.JMeter: PWD       =/Users/ankitsharma/Google Drive/Career/repos/EPIJudge/EPIJudge/epi_judge_java
2020-05-13 16:51:51,291 INFO o.a.j.JMeter: IP: 10.211.55.2 Name: lpmc-ankitsharma2 FullName: 10.211.55.2
2020-05-13 16:51:54,351 INFO o.a.j.g.a.LookAndFeelCommand: Installing Darcula LAF
2020-05-13 16:51:54,358 INFO o.a.j.g.a.LookAndFeelCommand: Using look and feel: com.bulenkov.darcula.DarculaLaf [Darcula]
2020-05-13 16:51:54,358 INFO o.a.j.JMeter: Setting LAF to: com.bulenkov.darcula.DarculaLaf
2020-05-13 16:51:54,461 INFO o.a.j.JMeter: Loaded icon properties from org/apache/jmeter/images/icon.properties
2020-05-13 16:51:54,929 INFO o.a.j.e.u.CompoundVariable: Note: Function class names must contain the string: '.functions.'
2020-05-13 16:51:54,930 INFO o.a.j.e.u.CompoundVariable: Note: Function class names must not contain the string: '.gui.'
2020-05-13 16:51:55,502 INFO o.j.r.JARSourceHTTP: Requesting https://jmeter-plugins.org/repo/?installID=mac_os_x-fa7b18cfb7e366479f412f2560a796e3-gui
2020-05-13 16:51:57,064 INFO o.j.r.PluginManager: Plugins Status: [blazemeter-debugger=0.6, jpgc-dummy=0.2, jpgc-plugins-manager=1.3, bzm-random-csv=0.6, jmeter-core=5.0, jmeter-ftp=5.0, jmeter-http=5.0, jmeter-jdbc=5.0, jmeter-jms=5.0, jmeter-junit=5.0, jmeter-java=5.0, jmeter-ldap=5.0, jmeter-mail=5.0, jmeter-mongodb=5.0, jmeter-native=5.0, jmeter-tcp=5.0, jmeter-components=5.0]
2020-05-13 16:51:57,066 INFO o.j.r.PluginManagerMenuItem: Plugins Manager has upgrades: [jpgc-dummy, jpgc-plugins-manager]
2020-05-13 16:51:58,068 INFO o.a.j.p.h.s.HTTPSamplerBase: Parser for text/html is org.apache.jmeter.protocol.http.parser.LagartoBasedHtmlParser
2020-05-13 16:51:58,069 INFO o.a.j.p.h.s.HTTPSamplerBase: Parser for application/xhtml+xml is org.apache.jmeter.protocol.http.parser.LagartoBasedHtmlParser
2020-05-13 16:51:58,069 INFO o.a.j.p.h.s.HTTPSamplerBase: Parser for application/xml is org.apache.jmeter.protocol.http.parser.LagartoBasedHtmlParser
2020-05-13 16:51:58,069 INFO o.a.j.p.h.s.HTTPSamplerBase: Parser for text/xml is org.apache.jmeter.protocol.http.parser.LagartoBasedHtmlParser
2020-05-13 16:51:58,069 INFO o.a.j.p.h.s.HTTPSamplerBase: Parser for text/vnd.wap.wml is org.apache.jmeter.protocol.http.parser.RegexpHTMLParser
2020-05-13 16:51:58,069 INFO o.a.j.p.h.s.HTTPSamplerBase: Parser for text/css is org.apache.jmeter.protocol.http.parser.CssParser
2020-05-13 16:52:00,423 INFO o.a.j.e.KeyToolUtils: keytool found at 'keytool'
2020-05-13 16:52:00,423 INFO o.a.j.p.h.p.ProxyControl: HTTP(S) Test Script Recorder SSL Proxy will use keys that support embedded 3rd party resources in file /Applications/apache-jmeter-5.0/bin/proxyserver.jks
2020-05-13 16:52:00,564 INFO o.a.j.s.FileServer: Default base='/Users/ankitsharma/Google Drive/Career/repos/EPIJudge/EPIJudge/epi_judge_java'
2020-05-13 16:52:00,797 INFO o.a.j.s.SampleResult: Note: Sample TimeStamps are START times
2020-05-13 16:52:00,797 INFO o.a.j.s.SampleResult: sampleresult.default.encoding is set to ISO-8859-1
2020-05-13 16:52:00,797 INFO o.a.j.s.SampleResult: sampleresult.useNanoTime=true
2020-05-13 16:52:00,797 INFO o.a.j.s.SampleResult: sampleresult.nanoThreadSleep=5000
2020-05-13 16:52:00,811 WARN o.a.j.v.ViewResultsFullVisualizer: Error loading result renderer: org.apache.jmeter.visualizers.RenderInBrowser
java.lang.NoClassDefFoundError: javafx/embed/swing/JFXPanel
	at java.lang.Class.forName0(Native Method) ~[?:?]
	at java.lang.Class.forName(Class.java:340) ~[?:?]
	at org.apache.jmeter.visualizers.ViewResultsFullVisualizer.createComboRender(ViewResultsFullVisualizer.java:462) [ApacheJMeter_components.jar:5.0 r1840935]
	at org.apache.jmeter.visualizers.ViewResultsFullVisualizer.createLeftPanel(ViewResultsFullVisualizer.java:430) [ApacheJMeter_components.jar:5.0 r1840935]
	at org.apache.jmeter.visualizers.ViewResultsFullVisualizer.init(ViewResultsFullVisualizer.java:342) [ApacheJMeter_components.jar:5.0 r1840935]
	at org.apache.jmeter.visualizers.ViewResultsFullVisualizer.<init>(ViewResultsFullVisualizer.java:147) [ApacheJMeter_components.jar:5.0 r1840935]
	at jdk.internal.reflect.NativeConstructorAccessorImpl.newInstance0(Native Method) ~[?:?]
	at jdk.internal.reflect.NativeConstructorAccessorImpl.newInstance(NativeConstructorAccessorImpl.java:62) ~[?:?]
	at jdk.internal.reflect.DelegatingConstructorAccessorImpl.newInstance(DelegatingConstructorAccessorImpl.java:45) ~[?:?]
	at java.lang.reflect.Constructor.newInstanceWithCaller(Constructor.java:500) ~[?:?]
	at java.lang.reflect.ReflectAccess.newInstance(ReflectAccess.java:124) [?:?]
	at jdk.internal.reflect.ReflectionFactory.newInstance(ReflectionFactory.java:346) [?:?]
	at java.lang.Class.newInstance(Class.java:604) [?:?]
	at org.apache.jmeter.gui.util.MenuFactory.getGUIComponent(MenuFactory.java:174) [ApacheJMeter_core.jar:5.0 r1840935]
	at org.apache.jmeter.gui.util.MenuFactory.initializeMenus(MenuFactory.java:141) [ApacheJMeter_core.jar:5.0 r1840935]
	at org.apache.jmeter.gui.util.MenuFactory.<clinit>(MenuFactory.java:106) [ApacheJMeter_core.jar:5.0 r1840935]
	at org.apache.jmeter.control.gui.TestPlanGui.createPopupMenu(TestPlanGui.java:92) [ApacheJMeter_core.jar:5.0 r1840935]
	at org.apache.jmeter.gui.tree.JMeterTreeNode.createPopupMenu(JMeterTreeNode.java:184) [ApacheJMeter_core.jar:5.0 r1840935]
	at org.apache.jmeter.gui.action.EditCommand.doAction(EditCommand.java:46) [ApacheJMeter_core.jar:5.0 r1840935]
	at org.apache.jmeter.gui.action.ActionRouter.performAction(ActionRouter.java:88) [ApacheJMeter_core.jar:5.0 r1840935]
	at org.apache.jmeter.gui.action.ActionRouter.lambda$actionPerformed$0(ActionRouter.java:70) [ApacheJMeter_core.jar:5.0 r1840935]
	at java.awt.event.InvocationEvent.dispatch(InvocationEvent.java:316) [?:?]
	at java.awt.EventQueue.dispatchEventImpl(EventQueue.java:770) [?:?]
	at java.awt.EventQueue$4.run(EventQueue.java:721) [?:?]
	at java.awt.EventQueue$4.run(EventQueue.java:715) [?:?]
	at java.security.AccessController.doPrivileged(AccessController.java:391) [?:?]
	at java.security.ProtectionDomain$JavaSecurityAccessImpl.doIntersectionPrivilege(ProtectionDomain.java:85) [?:?]
	at java.awt.EventQueue.dispatchEvent(EventQueue.java:740) [?:?]
	at java.awt.EventDispatchThread.pumpOneEventForFilters(EventDispatchThread.java:203) [?:?]
	at java.awt.EventDispatchThread.pumpEventsForFilter(EventDispatchThread.java:124) [?:?]
	at java.awt.EventDispatchThread.pumpEventsForHierarchy(EventDispatchThread.java:113) [?:?]
	at java.awt.EventDispatchThread.pumpEvents(EventDispatchThread.java:109) [?:?]
	at java.awt.EventDispatchThread.pumpEvents(EventDispatchThread.java:101) [?:?]
	at java.awt.EventDispatchThread.run(EventDispatchThread.java:90) [?:?]
Caused by: java.lang.ClassNotFoundException: javafx.embed.swing.JFXPanel
	at java.net.URLClassLoader.findClass(URLClassLoader.java:435) ~[?:?]
	at java.lang.ClassLoader.loadClass(ClassLoader.java:589) ~[?:?]
	at java.lang.ClassLoader.loadClass(ClassLoader.java:522) ~[?:?]
	... 34 more
